# JRE version: OpenJDK Runtime Environment (8.0_152-b01) (build 1.8.0_152-release-1024-b01)
# Java VM: OpenJDK 64-Bit Server VM (25.152-b01 mixed mode linux-amd64 compressed oops)
Heap:
 PSYoungGen      total 438784K, used 13177K [0x00000000e0000000, 0x0000000100000000, 0x0000000100000000)
  eden space 409600K, 0% used [0x00000000e0000000,0x00000000e0000000,0x00000000f9000000)
  from space 29184K, 45% used [0x00000000fe380000,0x00000000ff05e550,0x0000000100000000)
  to   space 57344K, 0% used [0x00000000f9000000,0x00000000f9000000,0x00000000fc800000)
 ParOldGen       total 129024K, used 128676K [0x00000000a0000000, 0x00000000a7e00000, 0x00000000e0000000)
  object space 129024K, 99% used [0x00000000a0000000,0x00000000a7da9108,0x00000000a7e00000)
 Metaspace       used 88370K, capacity 92280K, committed 95064K, reserved 1132544K
  class space    used 11254K, capacity 12131K, committed 12672K, reserved 1048576K
GC Heap History (10 events):
Event: 605.615 GC heap after
Heap after GC invocations=15 (full 3):
 PSYoungGen      total 330240K, used 0K [0x00000000e0000000, 0x00000000f7400000, 0x0000000100000000)
  eden space 307712K, 0% used [0x00000000e0000000,0x00000000e0000000,0x00000000f2c80000)
  from space 22528K, 0% used [0x00000000f4280000,0x00000000f4280000,0x00000000f5880000)
  to   space 22528K, 0% used [0x00000000f2c80000,0x00000000f2c80000,0x00000000f4280000)
 ParOldGen       total 101376K, used 34114K [0x00000000a0000000, 0x00000000a6300000, 0x00000000e0000000)
  object space 101376K, 33% used [0x00000000a0000000,0x00000000a21509e0,0x00000000a6300000)
 Metaspace       used 56676K, capacity 58506K, committed 58968K, reserved 1099776K
  class space    used 7381K, capacity 7890K, committed 8064K, reserved 1048576K
}
Event: 609.382 GC heap before
{Heap before GC invocations=16 (full 3):
 PSYoungGen      total 330240K, used 307712K [0x00000000e0000000, 0x00000000f7400000, 0x0000000100000000)
  eden space 307712K, 100% used [0x00000000e0000000,0x00000000f2c80000,0x00000000f2c80000)
  from space 22528K, 0% used [0x00000000f4280000,0x00000000f4280000,0x00000000f5880000)
  to   space 22528K, 0% used [0x00000000f2c80000,0x00000000f2c80000,0x00000000f4280000)
 ParOldGen       total 101376K, used 34114K [0x00000000a0000000, 0x00000000a6300000, 0x00000000e0000000)
  object space 101376K, 33% used [0x00000000a0000000,0x00000000a21509e0,0x00000000a6300000)
 Metaspace       used 67817K, capacity 70622K, committed 70744K, reserved 1110016K
  class space    used 8877K, capacity 9582K, committed 9600K, reserved 1048576K
Event: 609.429 GC heap after
Heap after GC invocations=16 (full 3):
 PSYoungGen      total 330240K, used 22518K [0x00000000e0000000, 0x0000000100000000, 0x0000000100000000)
  eden space 307712K, 0% used [0x00000000e0000000,0x00000000e0000000,0x00000000f2c80000)
  from space 22528K, 99% used [0x00000000f2c80000,0x00000000f427d9d8,0x00000000f4280000)
  to   space 28672K, 0% used [0x00000000fe400000,0x00000000fe400000,0x0000000100000000)
 ParOldGen       total 101376K, used 40209K [0x00000000a0000000, 0x00000000a6300000, 0x00000000e0000000)
  object space 101376K, 39% used [0x00000000a0000000,0x00000000a27447c8,0x00000000a6300000)
 Metaspace       used 67817K, capacity 70622K, committed 70744K, reserved 1110016K
  class space    used 8877K, capacity 9582K, committed 9600K, reserved 1048576K
}
Event: 969.603 GC heap before
{Heap before GC invocations=17 (full 3):
 PSYoungGen      total 330240K, used 330230K [0x00000000e0000000, 0x0000000100000000, 0x0000000100000000)
  eden space 307712K, 100% used [0x00000000e0000000,0x00000000f2c80000,0x00000000f2c80000)
  from space 22528K, 99% used [0x00000000f2c80000,0x00000000f427d9d8,0x00000000f4280000)
  to   space 28672K, 0% used [0x00000000fe400000,0x00000000fe400000,0x0000000100000000)
 ParOldGen       total 101376K, used 40209K [0x00000000a0000000, 0x00000000a6300000, 0x00000000e0000000)
  object space 101376K, 39% used [0x00000000a0000000,0x00000000a27447c8,0x00000000a6300000)
 Metaspace       used 72211K, capacity 75382K, committed 75480K, reserved 1114112K
  class space    used 9386K, capacity 10164K, committed 10240K, reserved 1048576K
Event: 969.636 GC heap after
Heap after GC invocations=17 (full 3):
 PSYoungGen      total 481280K, used 8265K [0x00000000e0000000, 0x00000000ff780000, 0x0000000100000000)
  eden space 461312K, 0% used [0x00000000e0000000,0x00000000e0000000,0x00000000fc280000)
  from space 19968K, 41% used [0x00000000fe400000,0x00000000fec127f8,0x00000000ff780000)
  to   space 27136K, 0% used [0x00000000fc280000,0x00000000fc280000,0x00000000fdd00000)
 ParOldGen       total 101376K, used 61188K [0x00000000a0000000, 0x00000000a6300000, 0x00000000e0000000)
  object space 101376K, 60% used [0x00000000a0000000,0x00000000a3bc13e8,0x00000000a6300000)
 Metaspace       used 72211K, capacity 75382K, committed 75480K, reserved 1114112K
  class space    used 9386K, capacity 10164K, committed 10240K, reserved 1048576K
}
Event: 972.989 GC heap before
{Heap before GC invocations=18 (full 3):
 PSYoungGen      total 481280K, used 469577K [0x00000000e0000000, 0x00000000ff780000, 0x0000000100000000)
  eden space 461312K, 100% used [0x00000000e0000000,0x00000000fc280000,0x00000000fc280000)
  from space 19968K, 41% used [0x00000000fe400000,0x00000000fec127f8,0x00000000ff780000)
  to   space 27136K, 0% used [0x00000000fc280000,0x00000000fc280000,0x00000000fdd00000)
 ParOldGen       total 101376K, used 61188K [0x00000000a0000000, 0x00000000a6300000, 0x00000000e0000000)
  object space 101376K, 60% used [0x00000000a0000000,0x00000000a3bc13e8,0x00000000a6300000)
 Metaspace       used 80949K, capacity 84418K, committed 84696K, reserved 1122304K
  class space    used 10357K, capacity 11192K, committed 11264K, reserved 1048576K
Event: 973.020 GC heap after
Heap after GC invocations=18 (full 3):
 PSYoungGen      total 488448K, used 21013K [0x00000000e0000000, 0x0000000100000000, 0x0000000100000000)
  eden space 461312K, 0% used [0x00000000e0000000,0x00000000e0000000,0x00000000fc280000)
  from space 27136K, 77% used [0x00000000fc280000,0x00000000fd7056e0,0x00000000fdd00000)
  to   space 29184K, 0% used [0x00000000fe380000,0x00000000fe380000,0x0000000100000000)
 ParOldGen       total 101376K, used 65596K [0x00000000a0000000, 0x00000000a6300000, 0x00000000e0000000)
  object space 101376K, 64% used [0x00000000a0000000,0x00000000a400f298,0x00000000a6300000)
 Metaspace       used 80949K, capacity 84418K, committed 84696K, reserved 1122304K
  class space    used 10357K, capacity 11192K, committed 11264K, reserved 1048576K
}
Event: 976.725 GC heap before
{Heap before GC invocations=19 (full 3):
 PSYoungGen      total 488448K, used 482061K [0x00000000e0000000, 0x0000000100000000, 0x0000000100000000)
  eden space 461312K, 99% used [0x00000000e0000000,0x00000000fc23e0e8,0x00000000fc280000)
  from space 27136K, 77% used [0x00000000fc280000,0x00000000fd7056e0,0x00000000fdd00000)
  to   space 29184K, 0% used [0x00000000fe380000,0x00000000fe380000,0x0000000100000000)
 ParOldGen       total 101376K, used 65596K [0x00000000a0000000, 0x00000000a6300000, 0x00000000e0000000)
  object space 101376K, 64% used [0x00000000a0000000,0x00000000a400f298,0x00000000a6300000)
 Metaspace       used 89820K, capacity 94762K, committed 95064K, reserved 1132544K
  class space    used 11557K, capacity 12588K, committed 12672K, reserved 1048576K
Event: 976.823 GC heap after
Heap after GC invocations=19 (full 3):
 PSYoungGen      total 438784K, used 29174K [0x00000000e0000000, 0x0000000100000000, 0x0000000100000000)
  eden space 409600K, 0% used [0x00000000e0000000,0x00000000e0000000,0x00000000f9000000)
  from space 29184K, 99% used [0x00000000fe380000,0x00000000ffffdb38,0x0000000100000000)
  to   space 57344K, 0% used [0x00000000f9000000,0x00000000f9000000,0x00000000fc800000)
 ParOldGen       total 129024K, used 128957K [0x00000000a0000000, 0x00000000a7e00000, 0x00000000e0000000)
  object space 129024K, 99% used [0x00000000a0000000,0x00000000a7def648,0x00000000a7e00000)
 Metaspace       used 89820K, capacity 94762K, committed 95064K, reserved 1132544K
  class space    used 11557K, capacity 12588K, committed 12672K, reserved 1048576K
}
Event: 976.826 GC heap before
{Heap before GC invocations=20 (full 4):
 PSYoungGen      total 438784K, used 29174K [0x00000000e0000000, 0x0000000100000000, 0x0000000100000000)
  eden space 409600K, 0% used [0x00000000e0000000,0x00000000e0000000,0x00000000f9000000)
  from space 29184K, 99% used [0x00000000fe380000,0x00000000ffffdb38,0x0000000100000000)
  to   space 57344K, 0% used [0x00000000f9000000,0x00000000f9000000,0x00000000fc800000)
 ParOldGen       total 129024K, used 128957K [0x00000000a0000000, 0x00000000a7e00000, 0x00000000e0000000)
  object space 129024K, 99% used [0x00000000a0000000,0x00000000a7def648,0x00000000a7e00000)
 Metaspace       used 89820K, capacity 94762K, committed 95064K, reserved 1132544K
  class space    used 11557K, capacity 12588K, committed 12672K, reserved 1048576K

